[ 2020-06-06T00:26:50+08:00 ] ::1 /graduate100/graduate/Public/img/100/NaN.png
INFO: [ app_init ] --START--
INFO: Run Behavior\BuildLiteBehavior [ RunTime:0.000004s ]
INFO: [ app_init ] --END-- [ RunTime:0.000019s ]
ERR: 无法加载模块:Public

[ 2020-06-06T00:26:50+08:00 ] ::1 /graduate100/graduate/Public/js/html2canvas.js.map
INFO: [ app_init ] --START--
INFO: Run Behavior\BuildLiteBehavior [ RunTime:0.000006s ]
INFO: [ app_init ] --END-- [ RunTime:0.000029s ]
ERR: 无法加载模块:Public

[ 2020-06-06T00:27:59+08:00 ] ::1 /graduate100/graduate/Public/js/html2canvas.js.map
INFO: [ app_init ] --START--
INFO: Run Behavior\BuildLiteBehavior [ RunTime:0.000006s ]
INFO: [ app_init ] --END-- [ RunTime:0.000031s ]
ERR: 无法加载模块:Public

[ 2020-06-06T00:38:58+08:00 ] ::1 /graduate100/graduate/Public/img/100/NaN.png
INFO: [ app_init ] --START--
INFO: Run Behavior\BuildLiteBehavior [ RunTime:0.000006s ]
INFO: [ app_init ] --END-- [ RunTime:0.000027s ]
ERR: 无法加载模块:Public

[ 2020-06-06T21:43:38+08:00 ] ::1 /graduate100/graduate/Public/img/100/NaN.png
INFO: [ app_init ] --START--
INFO: Run Behavior\BuildLiteBehavior [ RunTime:0.000005s ]
INFO: [ app_init ] --END-- [ RunTime:0.000028s ]
ERR: 无法加载模块:Public

[ 2020-06-06T21:43:42+08:00 ] ::1 /graduate100/graduate/Public/img/100/NaN.png
INFO: [ app_init ] --START--
INFO: Run Behavior\BuildLiteBehavior [ RunTime:0.000006s ]
INFO: [ app_init ] --END-- [ RunTime:0.000032s ]
ERR: 无法加载模块:Public

[ 2020-06-06T22:29:16+08:00 ] ::1 /graduate100/graduate/Public/img/100/NaN.png
INFO: [ app_init ] --START--
INFO: Run Behavior\BuildLiteBehavior [ RunTime:0.000005s ]
INFO: [ app_init ] --END-- [ RunTime:0.000021s ]
ERR: 无法加载模块:Public

[ 2020-06-06T22:52:38+08:00 ] ::1 /graduate100/graduate/Public/img/100/NaN.png
INFO: [ app_init ] --START--
INFO: Run Behavior\BuildLiteBehavior [ RunTime:0.000004s ]
INFO: [ app_init ] --END-- [ RunTime:0.000022s ]
ERR: 无法加载模块:Public

[ 2020-06-06T23:12:46+08:00 ] ::1 /graduate100/graduate/Public/img/100/NaN.png
INFO: [ app_init ] --START--
INFO: Run Behavior\BuildLiteBehavior [ RunTime:0.000005s ]
INFO: [ app_init ] --END-- [ RunTime:0.000028s ]
ERR: 无法加载模块:Public

[ 2020-06-06T23:14:51+08:00 ] ::1 /graduate100/graduate/Public/img/100/NaN.png
INFO: [ app_init ] --START--
INFO: Run Behavior\BuildLiteBehavior [ RunTime:0.000005s ]
INFO: [ app_init ] --END-- [ RunTime:0.000027s ]
ERR: 无法加载模块:Public

[ 2020-06-06T23:20:41+08:00 ] ::1 /graduate100/graduate/Public/img/100/NaN.png
INFO: [ app_init ] --START--
INFO: Run Behavior\BuildLiteBehavior [ RunTime:0.000005s ]
INFO: [ app_init ] --END-- [ RunTime:0.000032s ]
ERR: 无法加载模块:Public

[ 2020-06-06T23:21:06+08:00 ] ::1 /graduate100/graduate/Public/js/jquery.min.map
INFO: [ app_init ] --START--
INFO: Run Behavior\BuildLiteBehavior [ RunTime:0.000007s ]
INFO: [ app_init ] --END-- [ RunTime:0.000043s ]
ERR: 无法加载模块:Public

[ 2020-06-06T23:21:06+08:00 ] ::1 /graduate100/graduate/Public/js/jquery.min.map
INFO: [ app_init ] --START--
INFO: Run Behavior\BuildLiteBehavior [ RunTime:0.000007s ]
INFO: [ app_init ] --END-- [ RunTime:0.000131s ]
ERR: 无法加载模块:Public

[ 2020-06-06T23:21:10+08:00 ] ::1 /graduate100/graduate/Public/js/jquery.min.map
INFO: [ app_init ] --START--
INFO: Run Behavior\BuildLiteBehavior [ RunTime:0.000005s ]
INFO: [ app_init ] --END-- [ RunTime:0.000023s ]
ERR: 无法加载模块:Public

[ 2020-06-06T23:21:10+08:00 ] ::1 /graduate100/graduate/Public/js/jquery.min.map
INFO: [ app_init ] --START--
INFO: Run Behavior\BuildLiteBehavior [ RunTime:0.000016s ]
INFO: [ app_init ] --END-- [ RunTime:0.000066s ]
ERR: 无法加载模块:Public

[ 2020-06-06T23:21:16+08:00 ] ::1 /graduate100/graduate/Public/js/jquery.min.map
INFO: [ app_init ] --START--
INFO: Run Behavior\BuildLiteBehavior [ RunTime:0.000005s ]
INFO: [ app_init ] --END-- [ RunTime:0.000022s ]
ERR: 无法加载模块:Public

[ 2020-06-06T23:21:16+08:00 ] ::1 /graduate100/graduate/Public/js/jquery.min.map
INFO: [ app_init ] --START--
INFO: Run Behavior\BuildLiteBehavior [ RunTime:0.000003s ]
INFO: [ app_init ] --END-- [ RunTime:0.000020s ]
ERR: 无法加载模块:Public

[ 2020-06-06T23:21:33+08:00 ] ::1 /graduate100/graduate/Public/js/jquery.min.map
INFO: [ app_init ] --START--
INFO: Run Behavior\BuildLiteBehavior [ RunTime:0.000017s ]
INFO: [ app_init ] --END-- [ RunTime:0.000084s ]
ERR: 无法加载模块:Public

[ 2020-06-06T23:21:33+08:00 ] ::1 /graduate100/graduate/Public/js/jquery.min.map
INFO: [ app_init ] --START--
INFO: Run Behavior\BuildLiteBehavior [ RunTime:0.000007s ]
INFO: [ app_init ] --END-- [ RunTime:0.000034s ]
ERR: 无法加载模块:Public

[ 2020-06-06T23:21:33+08:00 ] ::1 /graduate100/graduate/Public/js/jquery.min.map
INFO: [ app_init ] --START--
INFO: Run Behavior\BuildLiteBehavior [ RunTime:0.000004s ]
INFO: [ app_init ] --END-- [ RunTime:0.000020s ]
ERR: 无法加载模块:Public

[ 2020-06-06T23:33:14+08:00 ] ::1 /graduate100/graduate/Public/img/100/NaN.png
INFO: [ app_init ] --START--
INFO: Run Behavior\BuildLiteBehavior [ RunTime:0.000005s ]
INFO: [ app_init ] --END-- [ RunTime:0.000021s ]
ERR: 无法加载模块:Public

